0 info it worked if it ends with ok
1 verbose cli [ 'C:\\Program Files\\nodejs\\node.exe',
1 verbose cli   'C:\\Program Files\\nodejs\\node_modules\\npm\\bin\\npm-cli.js',
1 verbose cli   'i',
1 verbose cli   '--save-dev',
1 verbose cli   'gulp-concat',
1 verbose cli   'gulp-ugliyjs' ]
2 info using npm@4.0.5
3 info using node@v7.4.0
4 silly loadCurrentTree Starting
5 silly install loadCurrentTree
6 silly install readLocalPackageData
7 silly fetchPackageMetaData gulp-concat@^2.6.0
8 silly fetchPackageMetaData gulp-ugliyjs
9 silly fetchNamedPackageData gulp-concat
10 silly mapToRegistry name gulp-concat
11 silly mapToRegistry using default registry
12 silly mapToRegistry registry https://registry.npmjs.org/
13 silly mapToRegistry data Result {
13 silly mapToRegistry   raw: 'gulp-concat',
13 silly mapToRegistry   scope: null,
13 silly mapToRegistry   escapedName: 'gulp-concat',
13 silly mapToRegistry   name: 'gulp-concat',
13 silly mapToRegistry   rawSpec: '',
13 silly mapToRegistry   spec: 'latest',
13 silly mapToRegistry   type: 'tag' }
14 silly mapToRegistry uri https://registry.npmjs.org/gulp-concat
15 silly fetchNamedPackageData gulp-ugliyjs
16 silly mapToRegistry name gulp-ugliyjs
17 silly mapToRegistry using default registry
18 silly mapToRegistry registry https://registry.npmjs.org/
19 silly mapToRegistry data Result {
19 silly mapToRegistry   raw: 'gulp-ugliyjs',
19 silly mapToRegistry   scope: null,
19 silly mapToRegistry   escapedName: 'gulp-ugliyjs',
19 silly mapToRegistry   name: 'gulp-ugliyjs',
19 silly mapToRegistry   rawSpec: '',
19 silly mapToRegistry   spec: 'latest',
19 silly mapToRegistry   type: 'tag' }
20 silly mapToRegistry uri https://registry.npmjs.org/gulp-ugliyjs
21 verbose request uri https://registry.npmjs.org/gulp-ugliyjs
22 verbose request no auth needed
23 info attempt registry request try #1 at 15:13:17
24 verbose request id c3d63b75a51ef69d
25 http request GET https://registry.npmjs.org/gulp-ugliyjs
26 verbose request uri https://registry.npmjs.org/gulp-concat
27 verbose request no auth needed
28 info attempt registry request try #1 at 15:13:17
29 verbose etag W/"588cb512-a27c"
30 verbose lastModified Sat, 28 Jan 2017 15:13:22 GMT
31 http request GET https://registry.npmjs.org/gulp-concat
32 http 200 https://registry.npmjs.org/gulp-concat
33 verbose headers { server: 'nginx/1.10.1',
33 verbose headers   'content-type': 'application/json',
33 verbose headers   'last-modified': 'Wed, 01 Feb 2017 19:56:29 GMT',
33 verbose headers   etag: 'W/"58923d6d-a27c"',
33 verbose headers   'content-encoding': 'gzip',
33 verbose headers   'cache-control': 'max-age=300',
33 verbose headers   'content-length': '6960',
33 verbose headers   'accept-ranges': 'bytes',
33 verbose headers   date: 'Thu, 02 Feb 2017 13:13:11 GMT',
33 verbose headers   via: '1.1 varnish',
33 verbose headers   age: '182',
33 verbose headers   connection: 'keep-alive',
33 verbose headers   'x-served-by': 'cache-fra1236-FRA',
33 verbose headers   'x-cache': 'HIT',
33 verbose headers   'x-cache-hits': '5',
33 verbose headers   'x-timer': 'S1486041191.893784,VS0,VE0',
33 verbose headers   vary: 'Accept-Encoding' }
34 silly get cb [ 200,
34 silly get   { server: 'nginx/1.10.1',
34 silly get     'content-type': 'application/json',
34 silly get     'last-modified': 'Wed, 01 Feb 2017 19:56:29 GMT',
34 silly get     etag: 'W/"58923d6d-a27c"',
34 silly get     'content-encoding': 'gzip',
34 silly get     'cache-control': 'max-age=300',
34 silly get     'content-length': '6960',
34 silly get     'accept-ranges': 'bytes',
34 silly get     date: 'Thu, 02 Feb 2017 13:13:11 GMT',
34 silly get     via: '1.1 varnish',
34 silly get     age: '182',
34 silly get     connection: 'keep-alive',
34 silly get     'x-served-by': 'cache-fra1236-FRA',
34 silly get     'x-cache': 'HIT',
34 silly get     'x-cache-hits': '5',
34 silly get     'x-timer': 'S1486041191.893784,VS0,VE0',
34 silly get     vary: 'Accept-Encoding' } ]
35 verbose get saving gulp-concat to C:\Users\Алексей\AppData\Roaming\npm-cache\registry.npmjs.org\gulp-concat\.cache.json
36 verbose correctMkdir C:\Users\Алексей\AppData\Roaming\npm-cache correctMkdir not in flight; initializing
37 http 404 https://registry.npmjs.org/gulp-ugliyjs
38 verbose headers { 'content-type': 'application/json',
38 verbose headers   'cache-control': 'max-age=0',
38 verbose headers   'content-length': '2',
38 verbose headers   'accept-ranges': 'bytes',
38 verbose headers   date: 'Thu, 02 Feb 2017 13:13:12 GMT',
38 verbose headers   via: '1.1 varnish',
38 verbose headers   age: '0',
38 verbose headers   connection: 'keep-alive',
38 verbose headers   'x-served-by': 'cache-fra1229-FRA',
38 verbose headers   'x-cache': 'MISS',
38 verbose headers   'x-cache-hits': '0',
38 verbose headers   'x-timer': 'S1486041191.896946,VS0,VE437',
38 verbose headers   vary: 'Accept-Encoding' }
39 silly get cb [ 404,
39 silly get   { 'content-type': 'application/json',
39 silly get     'cache-control': 'max-age=0',
39 silly get     'content-length': '2',
39 silly get     'accept-ranges': 'bytes',
39 silly get     date: 'Thu, 02 Feb 2017 13:13:12 GMT',
39 silly get     via: '1.1 varnish',
39 silly get     age: '0',
39 silly get     connection: 'keep-alive',
39 silly get     'x-served-by': 'cache-fra1229-FRA',
39 silly get     'x-cache': 'MISS',
39 silly get     'x-cache-hits': '0',
39 silly get     'x-timer': 'S1486041191.896946,VS0,VE437',
39 silly get     vary: 'Accept-Encoding' } ]
40 silly fetchPackageMetaData Error: Registry returned 404 for GET on https://registry.npmjs.org/gulp-ugliyjs
40 silly fetchPackageMetaData     at makeError (C:\Program Files\nodejs\node_modules\npm\node_modules\npm-registry-client\lib\request.js:302:12)
40 silly fetchPackageMetaData     at CachingRegistryClient.<anonymous> (C:\Program Files\nodejs\node_modules\npm\node_modules\npm-registry-client\lib\request.js:280:14)
40 silly fetchPackageMetaData     at Request._callback (C:\Program Files\nodejs\node_modules\npm\node_modules\npm-registry-client\lib\request.js:210:14)
40 silly fetchPackageMetaData     at Request.self.callback (C:\Program Files\nodejs\node_modules\npm\node_modules\request\request.js:186:22)
40 silly fetchPackageMetaData     at emitTwo (events.js:106:13)
40 silly fetchPackageMetaData     at Request.emit (events.js:191:7)
40 silly fetchPackageMetaData     at Request.<anonymous> (C:\Program Files\nodejs\node_modules\npm\node_modules\request\request.js:1081:10)
40 silly fetchPackageMetaData     at emitOne (events.js:96:13)
40 silly fetchPackageMetaData     at Request.emit (events.js:188:7)
40 silly fetchPackageMetaData     at IncomingMessage.<anonymous> (C:\Program Files\nodejs\node_modules\npm\node_modules\request\request.js:1001:12)
40 silly fetchPackageMetaData  error for gulp-ugliyjs { Error: Registry returned 404 for GET on https://registry.npmjs.org/gulp-ugliyjs
40 silly fetchPackageMetaData     at makeError (C:\Program Files\nodejs\node_modules\npm\node_modules\npm-registry-client\lib\request.js:302:12)
40 silly fetchPackageMetaData     at CachingRegistryClient.<anonymous> (C:\Program Files\nodejs\node_modules\npm\node_modules\npm-registry-client\lib\request.js:280:14)
40 silly fetchPackageMetaData     at Request._callback (C:\Program Files\nodejs\node_modules\npm\node_modules\npm-registry-client\lib\request.js:210:14)
40 silly fetchPackageMetaData     at Request.self.callback (C:\Program Files\nodejs\node_modules\npm\node_modules\request\request.js:186:22)
40 silly fetchPackageMetaData     at emitTwo (events.js:106:13)
40 silly fetchPackageMetaData     at Request.emit (events.js:191:7)
40 silly fetchPackageMetaData     at Request.<anonymous> (C:\Program Files\nodejs\node_modules\npm\node_modules\request\request.js:1081:10)
40 silly fetchPackageMetaData     at emitOne (events.js:96:13)
40 silly fetchPackageMetaData     at Request.emit (events.js:188:7)
40 silly fetchPackageMetaData     at IncomingMessage.<anonymous> (C:\Program Files\nodejs\node_modules\npm\node_modules\request\request.js:1001:12) pkgid: 'gulp-ugliyjs', statusCode: 404, code: 'E404' }
41 silly rollbackFailedOptional Starting
42 silly rollbackFailedOptional Finishing
43 silly runTopLevelLifecycles Finishing
44 silly install printInstalled
45 verbose stack Error: Registry returned 404 for GET on https://registry.npmjs.org/gulp-ugliyjs
45 verbose stack     at makeError (C:\Program Files\nodejs\node_modules\npm\node_modules\npm-registry-client\lib\request.js:302:12)
45 verbose stack     at CachingRegistryClient.<anonymous> (C:\Program Files\nodejs\node_modules\npm\node_modules\npm-registry-client\lib\request.js:280:14)
45 verbose stack     at Request._callback (C:\Program Files\nodejs\node_modules\npm\node_modules\npm-registry-client\lib\request.js:210:14)
45 verbose stack     at Request.self.callback (C:\Program Files\nodejs\node_modules\npm\node_modules\request\request.js:186:22)
45 verbose stack     at emitTwo (events.js:106:13)
45 verbose stack     at Request.emit (events.js:191:7)
45 verbose stack     at Request.<anonymous> (C:\Program Files\nodejs\node_modules\npm\node_modules\request\request.js:1081:10)
45 verbose stack     at emitOne (events.js:96:13)
45 verbose stack     at Request.emit (events.js:188:7)
45 verbose stack     at IncomingMessage.<anonymous> (C:\Program Files\nodejs\node_modules\npm\node_modules\request\request.js:1001:12)
46 verbose statusCode 404
47 verbose pkgid gulp-ugliyjs
48 verbose cwd C:\Users\Алексей\Desktop\start_html-master\_optimized_gulp_sass\app
49 error Windows_NT 6.1.7601
50 error argv "C:\\Program Files\\nodejs\\node.exe" "C:\\Program Files\\nodejs\\node_modules\\npm\\bin\\npm-cli.js" "i" "--save-dev" "gulp-concat" "gulp-ugliyjs"
51 error node v7.4.0
52 error npm  v4.0.5
53 error code E404
54 error 404 Registry returned 404 for GET on https://registry.npmjs.org/gulp-ugliyjs
55 error 404
56 error 404 'gulp-ugliyjs' is not in the npm registry.
57 error 404 You should bug the author to publish it (or use the name yourself!)
58 error 404 Note that you can also install from a
59 error 404 tarball, folder, http url, or git url.
60 verbose exit [ 1, true ]
